<?xml version="1.0" encoding="UTF-8"?>
<testng-results skipped="0" failed="0" ignored="0" total="1" passed="1">
  <reporter-output>
  </reporter-output>
  <suite name="Default suite" duration-ms="31303" started-at="2020-09-07T17:08:15 IST" finished-at="2020-09-07T17:08:46 IST">
    <groups>
    </groups>
    <test name="Default test" duration-ms="31303" started-at="2020-09-07T17:08:15 IST" finished-at="2020-09-07T17:08:46 IST">
      <class name="msgdemo.TestCase3">
        <test-method status="PASS" signature="test3()[pri:0, instance:msgdemo.TestCase3@184f6be2]" name="test3" duration-ms="31274" started-at="2020-09-07T17:08:15 IST" finished-at="2020-09-07T17:08:46 IST">
          <reporter-output>
          </reporter-output>
        </test-method> <!-- test3 -->
      </class> <!-- msgdemo.TestCase3 -->
    </test> <!-- Default test -->
  </suite> <!-- Default suite -->
</testng-results>
